\BOOKMARK [0][-]{chapter.1}{\376\377\000A\000i\000m\000s\000\040\000a\000n\000d\000\040\000C\000o\000n\000t\000e\000x\000t}{}% 1
\BOOKMARK [1][-]{section.1.1}{\376\377\000I\000n\000t\000r\000o\000d\000u\000c\000t\000i\000o\000n}{chapter.1}% 2
\BOOKMARK [1][-]{section.1.2}{\376\377\000P\000r\000o\000p\000o\000s\000e\000d\000\040\000A\000p\000p\000r\000o\000a\000c\000h}{chapter.1}% 3
\BOOKMARK [1][-]{section.1.3}{\376\377\000R\000e\000l\000a\000t\000e\000d\000\040\000W\000o\000r\000k}{chapter.1}% 4
\BOOKMARK [2][-]{subsection.1.3.1}{\376\377\000P\000r\000e\000v\000i\000o\000u\000s\000\040\000W\000o\000r\000k}{section.1.3}% 5
\BOOKMARK [2][-]{subsection.1.3.2}{\376\377\000F\000u\000t\000u\000r\000e\000\040\000W\000o\000r\000k}{section.1.3}% 6
\BOOKMARK [0][-]{chapter.2}{\376\377\000P\000r\000o\000j\000e\000c\000t\000\040\000D\000e\000t\000a\000i\000l\000s}{}% 7
\BOOKMARK [1][-]{section.2.1}{\376\377\000T\000h\000e\000\040\000A\000r\000c\000h\000i\000t\000e\000c\000t\000u\000r\000e}{chapter.2}% 8
\BOOKMARK [2][-]{subsection.2.1.1}{\376\377\000D\000e\000p\000e\000n\000d\000e\000n\000c\000i\000e\000s\000\040\000a\000n\000d\000\040\000T\000h\000i\000r\000d\000\040\000P\000a\000r\000t\000y\000\040\000L\000i\000b\000r\000a\000r\000i\000e\000s}{section.2.1}% 9
\BOOKMARK [1][-]{section.2.2}{\376\377\000A\000p\000p\000r\000o\000a\000c\000h\000\040\000i\000n\000\040\000D\000e\000t\000a\000i\000l}{chapter.2}% 10
\BOOKMARK [2][-]{subsection.2.2.1}{\376\377\000I\000n\000i\000t\000i\000a\000l\000i\000z\000a\000t\000i\000o\000n\000\040\000P\000h\000a\000s\000e}{section.2.2}% 11
\BOOKMARK [2][-]{subsection.2.2.2}{\376\377\000I\000n\000i\000t\000i\000a\000l\000i\000z\000a\000t\000i\000o\000n\000\040\000P\000h\000a\000s\000e\000\040\000-\000\040\000A\000l\000g\000o\000r\000i\000t\000h\000m}{section.2.2}% 12
\BOOKMARK [2][-]{subsection.2.2.3}{\376\377\000B\000u\000n\000d\000l\000e\000\040\000O\000p\000t\000i\000m\000i\000z\000a\000t\000i\000o\000n\000\040\000P\000h\000a\000s\000e}{section.2.2}% 13
\BOOKMARK [2][-]{subsection.2.2.4}{\376\377\000B\000u\000n\000d\000l\000e\000\040\000O\000p\000t\000i\000m\000i\000z\000a\000t\000i\000o\000n\000\040\000P\000h\000a\000s\000e\000\040\000-\000\040\000A\000l\000g\000o\000r\000i\000t\000h\000m}{section.2.2}% 14
\BOOKMARK [2][-]{subsection.2.2.5}{\376\377\000S\000p\000a\000c\000e\000-\000T\000i\000m\000e\000\040\000F\000u\000s\000i\000o\000n}{section.2.2}% 15
\BOOKMARK [0][-]{chapter.3}{\376\377\000S\000y\000s\000t\000e\000m\000\040\000D\000o\000c\000u\000m\000e\000n\000t\000a\000t\000i\000o\000n}{}% 16
\BOOKMARK [1][-]{section.3.1}{\376\377\000D\000e\000p\000e\000n\000d\000e\000n\000c\000i\000e\000s\000\040\000I\000n\000s\000t\000a\000l\000l\000a\000t\000i\000o\000n}{chapter.3}% 17
\BOOKMARK [1][-]{section.3.2}{\376\377\000R\000u\000n\000n\000i\000n\000g\000\040\000t\000h\000e\000\040\000S\000y\000s\000t\000e\000m}{chapter.3}% 18
\BOOKMARK [2][-]{subsection.3.2.1}{\376\377\000S\000p\000e\000c\000i\000a\000l\000\040\000F\000o\000l\000d\000e\000r\000s\000\040\000a\000n\000d\000\040\000F\000i\000l\000e\000s}{section.3.2}% 19
\BOOKMARK [1][-]{section.3.3}{\376\377\000P\000y\000t\000h\000o\000n\000\040\000M\000o\000d\000u\000l\000e\000s}{chapter.3}% 20
\BOOKMARK [2][-]{subsection.3.3.1}{\376\377\000c\000o\000m\000p\000u\000t\000e\000\137\000e\000n\000e\000r\000g\000y}{section.3.3}% 21
\BOOKMARK [2][-]{subsection.3.3.2}{\376\377\000e\000s\000t\000i\000m\000a\000t\000e}{section.3.3}% 22
\BOOKMARK [2][-]{subsection.3.3.3}{\376\377\000l\000b\000p}{section.3.3}% 23
\BOOKMARK [2][-]{subsection.3.3.4}{\376\377\000u\000t\000i\000l\000s}{section.3.3}% 24
\BOOKMARK [2][-]{subsection.3.3.5}{\376\377\000p\000a\000r\000a\000m\000s}{section.3.3}% 25
\BOOKMARK [0][-]{chapter.4}{\376\377\000S\000u\000m\000m\000a\000r\000y}{}% 26
\BOOKMARK [0][-]{appendix.A}{\376\377\000S\000u\000p\000p\000l\000e\000m\000e\000n\000t\000a\000r\000y\000\040\000M\000a\000t\000e\000r\000i\000a\000l\000s}{}% 27
\BOOKMARK [1][-]{section.A.1}{\376\377\000L\000o\000o\000p\000y\000\040\000B\000e\000l\000i\000e\000f\000\040\000P\000r\000o\000p\000a\000g\000a\000t\000i\000o\000n\000\040\000A\000l\000g\000o\000r\000i\000t\000h\000m}{appendix.A}% 28
\BOOKMARK [1][-]{section.A.2}{\376\377\000C\000o\000n\000j\000u\000g\000a\000t\000e\000\040\000P\000i\000x\000e\000l\000\040\000C\000o\000m\000p\000u\000t\000a\000t\000i\000o\000n}{appendix.A}% 29
\BOOKMARK [0][-]{appendix*.4}{\376\377\000R\000e\000f\000e\000r\000e\000n\000c\000e\000s}{}% 30
